[debug] [2020-07-06T23:54:30.050Z] ----------------------------------------------------------------------
[debug] [2020-07-06T23:54:30.062Z] Command:       C:\Program Files\nodejs\node.exe C:\Users\Gabriel\AppData\Roaming\npm\node_modules\firebase-tools\lib\bin\firebase.js deploy --only functions --debug
[debug] [2020-07-06T23:54:30.064Z] CLI Version:   8.4.3
[debug] [2020-07-06T23:54:30.064Z] Platform:      win32
[debug] [2020-07-06T23:54:30.065Z] Node Version:  v12.16.3
[debug] [2020-07-06T23:54:30.069Z] Time:          Mon Jul 06 2020 18:54:30 GMT-0500 (GMT-05:00)
[debug] [2020-07-06T23:54:30.070Z] ----------------------------------------------------------------------
[debug] [2020-07-06T23:54:30.071Z] 
[debug] [2020-07-06T23:54:30.111Z] > command requires scopes: ["email","openid","https://www.googleapis.com/auth/cloudplatformprojects.readonly","https://www.googleapis.com/auth/firebase","https://www.googleapis.com/auth/cloud-platform"]
[debug] [2020-07-06T23:54:30.119Z] > authorizing via signed-in user
[debug] [2020-07-06T23:54:30.121Z] [iam] checking project lab4grupo1 for permissions ["cloudfunctions.functions.create","cloudfunctions.functions.delete","cloudfunctions.functions.get","cloudfunctions.functions.list","cloudfunctions.functions.update","cloudfunctions.operations.get","firebase.projects.get"]
[debug] [2020-07-06T23:54:30.136Z] >>> HTTP REQUEST POST https://cloudresourcemanager.googleapis.com/v1/projects/lab4grupo1:testIamPermissions  
 {"permissions":["cloudfunctions.functions.create","cloudfunctions.functions.delete","cloudfunctions.functions.get","cloudfunctions.functions.list","cloudfunctions.functions.update","cloudfunctions.operations.get","firebase.projects.get"]}
[debug] [2020-07-06T23:54:30.888Z] <<< HTTP RESPONSE 200 {"content-type":"application/json; charset=UTF-8","vary":"X-Origin, Referer, Origin,Accept-Encoding","date":"Mon, 06 Jul 2020 23:54:30 GMT","server":"ESF","cache-control":"private","x-xss-protection":"0","x-frame-options":"SAMEORIGIN","x-content-type-options":"nosniff","server-timing":"gfet4t7; dur=237","alt-svc":"h3-29=\":443\"; ma=2592000,h3-27=\":443\"; ma=2592000,h3-25=\":443\"; ma=2592000,h3-T050=\":443\"; ma=2592000,h3-Q050=\":443\"; ma=2592000,h3-Q046=\":443\"; ma=2592000,h3-Q043=\":443\"; ma=2592000,quic=\":443\"; ma=2592000; v=\"46,43\"","accept-ranges":"none","transfer-encoding":"chunked"}
[debug] [2020-07-06T23:54:30.897Z] >>> HTTP REQUEST POST https://iam.googleapis.com/v1/projects/lab4grupo1/serviceAccounts/lab4grupo1@appspot.gserviceaccount.com:testIamPermissions  
 {"permissions":["iam.serviceAccounts.actAs"]}
[debug] [2020-07-06T23:54:31.429Z] <<< HTTP RESPONSE 200 {"content-type":"application/json; charset=UTF-8","vary":"X-Origin, Referer, Origin,Accept-Encoding","date":"Mon, 06 Jul 2020 23:54:30 GMT","server":"ESF","cache-control":"private","x-xss-protection":"0","x-frame-options":"SAMEORIGIN","x-content-type-options":"nosniff","alt-svc":"h3-29=\":443\"; ma=2592000,h3-27=\":443\"; ma=2592000,h3-25=\":443\"; ma=2592000,h3-T050=\":443\"; ma=2592000,h3-Q050=\":443\"; ma=2592000,h3-Q046=\":443\"; ma=2592000,h3-Q043=\":443\"; ma=2592000,quic=\":443\"; ma=2592000; v=\"46,43\"","accept-ranges":"none","transfer-encoding":"chunked"}
[info] 
[info] === Deploying to 'lab4grupo1'...
[info] 
[info] i  deploying functions 
[info] Running command: npm --prefix "$RESOURCE_DIR" run lint
[info] +  functions: Finished running predeploy script. 
[debug] [2020-07-06T23:54:58.491Z] > [functions] package.json contents: {
  "name": "functions",
  "description": "Cloud Functions for Firebase",
  "scripts": {
    "lint": "eslint .",
    "serve": "firebase emulators:start --only functions",
    "shell": "firebase functions:shell",
    "start": "npm run shell",
    "deploy": "firebase deploy --only functions",
    "logs": "firebase functions:log"
  },
  "engines": {
    "node": "8"
  },
  "dependencies": {
    "firebase-admin": "^8.10.0",
    "firebase-functions": "^3.6.1"
  },
  "devDependencies": {
    "eslint": "^5.12.0",
    "eslint-plugin-promise": "^4.0.1",
    "firebase-functions-test": "^0.2.0"
  },
  "private": true
}
[info] i  functions: ensuring required API cloudfunctions.googleapis.com is enabled... 
[debug] [2020-07-06T23:55:06.515Z] [functions] runtime dependency check dates: warning: 2020-05-21T00:00:00.000Z error: 2020-07-09T00:00:00.000Z
[debug] [2020-07-06T23:55:06.516Z] >>> HTTP REQUEST GET https://serviceusage.googleapis.com/v1/projects/lab4grupo1/services/cloudfunctions.googleapis.com  
 
[debug] [2020-07-06T23:55:06.519Z] >>> HTTP REQUEST GET https://serviceusage.googleapis.com/v1/projects/lab4grupo1/services/runtimeconfig.googleapis.com  
 
[debug] [2020-07-06T23:55:07.188Z] <<< HTTP RESPONSE 200 {"content-type":"application/json; charset=UTF-8","vary":"X-Origin, Referer, Origin,Accept-Encoding","date":"Mon, 06 Jul 2020 23:55:06 GMT","server":"ESF","cache-control":"private","x-xss-protection":"0","x-frame-options":"SAMEORIGIN","x-content-type-options":"nosniff","alt-svc":"h3-29=\":443\"; ma=2592000,h3-27=\":443\"; ma=2592000,h3-25=\":443\"; ma=2592000,h3-T050=\":443\"; ma=2592000,h3-Q050=\":443\"; ma=2592000,h3-Q046=\":443\"; ma=2592000,h3-Q043=\":443\"; ma=2592000,quic=\":443\"; ma=2592000; v=\"46,43\"","accept-ranges":"none","transfer-encoding":"chunked"}
[debug] [2020-07-06T23:55:07.359Z] <<< HTTP RESPONSE 200 {"content-type":"application/json; charset=UTF-8","vary":"X-Origin, Referer, Origin,Accept-Encoding","date":"Mon, 06 Jul 2020 23:55:06 GMT","server":"ESF","cache-control":"private","x-xss-protection":"0","x-frame-options":"SAMEORIGIN","x-content-type-options":"nosniff","alt-svc":"h3-29=\":443\"; ma=2592000,h3-27=\":443\"; ma=2592000,h3-25=\":443\"; ma=2592000,h3-T050=\":443\"; ma=2592000,h3-Q050=\":443\"; ma=2592000,h3-Q046=\":443\"; ma=2592000,h3-Q043=\":443\"; ma=2592000,quic=\":443\"; ma=2592000; v=\"46,43\"","accept-ranges":"none","transfer-encoding":"chunked"}
[info] +  functions: required API cloudfunctions.googleapis.com is enabled 
[debug] [2020-07-06T23:55:07.364Z] >>> HTTP REQUEST GET https://firebase.googleapis.com/v1beta1/projects/lab4grupo1/adminSdkConfig  
 
[debug] [2020-07-06T23:55:07.921Z] <<< HTTP RESPONSE 200 {"content-type":"application/json; charset=UTF-8","vary":"X-Origin, Referer, Origin,Accept-Encoding","date":"Mon, 06 Jul 2020 23:55:07 GMT","server":"ESF","cache-control":"private","x-xss-protection":"0","x-frame-options":"SAMEORIGIN","x-content-type-options":"nosniff","alt-svc":"h3-29=\":443\"; ma=2592000,h3-27=\":443\"; ma=2592000,h3-25=\":443\"; ma=2592000,h3-T050=\":443\"; ma=2592000,h3-Q050=\":443\"; ma=2592000,h3-Q046=\":443\"; ma=2592000,h3-Q043=\":443\"; ma=2592000,quic=\":443\"; ma=2592000; v=\"46,43\"","accept-ranges":"none","transfer-encoding":"chunked"}
[info] i  functions: preparing functions directory for uploading... 
[debug] [2020-07-06T23:55:07.928Z] >>> HTTP REQUEST GET https://runtimeconfig.googleapis.com/v1beta1/projects/lab4grupo1/configs  
 
[debug] [2020-07-06T23:55:08.397Z] <<< HTTP RESPONSE 200 {"content-type":"application/json; charset=UTF-8","vary":"X-Origin, Referer, Origin,Accept-Encoding","date":"Mon, 06 Jul 2020 23:55:07 GMT","server":"ESF","cache-control":"private","x-xss-protection":"0","x-frame-options":"SAMEORIGIN","x-content-type-options":"nosniff","alt-svc":"h3-29=\":443\"; ma=2592000,h3-27=\":443\"; ma=2592000,h3-25=\":443\"; ma=2592000,h3-T050=\":443\"; ma=2592000,h3-Q050=\":443\"; ma=2592000,h3-Q046=\":443\"; ma=2592000,h3-Q043=\":443\"; ma=2592000,quic=\":443\"; ma=2592000; v=\"46,43\"","accept-ranges":"none","transfer-encoding":"chunked"}
[info] i  functions: packaged functions (40.18 KB) for uploading 
[debug] [2020-07-06T23:55:09.331Z] >>> HTTP REQUEST GET https://cloudfunctions.googleapis.com/v1/projects/lab4grupo1/locations/-/functions  
 
[debug] [2020-07-06T23:55:10.045Z] <<< HTTP RESPONSE 200 {"content-type":"application/json; charset=UTF-8","vary":"X-Origin, Referer, Origin,Accept-Encoding","date":"Mon, 06 Jul 2020 23:55:09 GMT","server":"ESF","cache-control":"private","x-xss-protection":"0","x-frame-options":"SAMEORIGIN","x-content-type-options":"nosniff","alt-svc":"h3-29=\":443\"; ma=2592000,h3-27=\":443\"; ma=2592000,h3-25=\":443\"; ma=2592000,h3-T050=\":443\"; ma=2592000,h3-Q050=\":443\"; ma=2592000,h3-Q046=\":443\"; ma=2592000,h3-Q043=\":443\"; ma=2592000,quic=\":443\"; ma=2592000; v=\"46,43\"","accept-ranges":"none","transfer-encoding":"chunked"}
[debug] [2020-07-06T23:55:10.059Z] [functions] found 1 new HTTP functions, testing setIamPolicy permission...
[debug] [2020-07-06T23:55:10.063Z] >>> HTTP REQUEST POST https://cloudresourcemanager.googleapis.com/v1/projects/lab4grupo1:testIamPermissions  
 {"permissions":["cloudfunctions.functions.setIamPolicy"]}
[debug] [2020-07-06T23:55:10.479Z] <<< HTTP RESPONSE 200 {"content-type":"application/json; charset=UTF-8","vary":"X-Origin, Referer, Origin,Accept-Encoding","date":"Mon, 06 Jul 2020 23:55:09 GMT","server":"ESF","cache-control":"private","x-xss-protection":"0","x-frame-options":"SAMEORIGIN","x-content-type-options":"nosniff","server-timing":"gfet4t7; dur=109","alt-svc":"h3-29=\":443\"; ma=2592000,h3-27=\":443\"; ma=2592000,h3-25=\":443\"; ma=2592000,h3-T050=\":443\"; ma=2592000,h3-Q050=\":443\"; ma=2592000,h3-Q046=\":443\"; ma=2592000,h3-Q043=\":443\"; ma=2592000,quic=\":443\"; ma=2592000; v=\"46,43\"","accept-ranges":"none","transfer-encoding":"chunked"}
[debug] [2020-07-06T23:55:10.482Z] [functions] found setIamPolicy permission, proceeding with deploy
[debug] [2020-07-06T23:55:10.507Z] >>> HTTP REQUEST POST https://cloudfunctions.googleapis.com/v1/projects/lab4grupo1/locations/us-central1/functions:generateUploadUrl  
 
[debug] [2020-07-06T23:55:11.348Z] <<< HTTP RESPONSE 200 {"content-type":"application/json; charset=UTF-8","vary":"X-Origin, Referer, Origin,Accept-Encoding","date":"Mon, 06 Jul 2020 23:55:10 GMT","server":"ESF","cache-control":"private","x-xss-protection":"0","x-frame-options":"SAMEORIGIN","x-content-type-options":"nosniff","alt-svc":"h3-29=\":443\"; ma=2592000,h3-27=\":443\"; ma=2592000,h3-25=\":443\"; ma=2592000,h3-T050=\":443\"; ma=2592000,h3-Q050=\":443\"; ma=2592000,h3-Q046=\":443\"; ma=2592000,h3-Q043=\":443\"; ma=2592000,quic=\":443\"; ma=2592000; v=\"46,43\"","accept-ranges":"none","transfer-encoding":"chunked"}
[debug] [2020-07-06T23:55:11.351Z] >>> HTTP REQUEST PUT https://storage.googleapis.com/gcf-upload-us-central1-f58969b5-d37b-4831-bac4-ffead8ddca6a/0749a069-ebb5-4f37-bcc8-ef3a05da4e16.zip?GoogleAccessId=service-516594446027@gcf-admin-robot.iam.gserviceaccount.com&Expires=1594081510&Signature=uewg7Oz1dV%2BX16wQlKovY1SB%2BfjCB92Qhkoqn4IYzNHs%2BIzeKf1KynSN0LxAl%2BBDExPhZMhRoR1K%2BuLEsAiljcjZYbNS10aTw46qG5Dz1KEzix7n%2FOX1ZfvjfUeHTchMt0wB6VNUuN3zSlAawokrzpH49FvHj%2FjN9s7tmJ3TYGbBsHcD5kgeynoD2SJtx%2FkQP%2B1vbh7o9f9VkYQLy5JnVQrvFGCDjW6dYijWCpLNC0C%2Bqb4RzZDGUSYUPDW5t6NkTRnSyijPwC5ucyYj2Pzgdq6nwly0kHHDpwcaEUD%2FlJUdPoa%2BkLz2rahDy2trzE8JuQGn449QSh91WA3lUTJJQQ%3D%3D  
 <request body omitted>
[debug] [2020-07-06T23:55:12.000Z] <<< HTTP RESPONSE 200 {"x-guploader-uploadid":"AAANsUnE0B4yJzl7kVl6y7rE8uCeIEUA145kdU5Syr9G-1a6EmHV9sdonhv73m6Sltvmr67exx7m2qJhscT59Lz5xju94gthIg","etag":"\"523e5866e592c5e3ffe3e71a8e327d81\"","x-goog-generation":"1594079711433312","x-goog-metageneration":"1","x-goog-hash":"crc32c=Cb/hyQ==, md5=Uj5YZuWSxeP/4+cajjJ9gQ==","x-goog-stored-content-length":"41144","x-goog-stored-content-encoding":"identity","vary":"Origin","content-length":"0","date":"Mon, 06 Jul 2020 23:55:11 GMT","server":"UploadServer","content-type":"text/html; charset=UTF-8","alt-svc":"h3-29=\":443\"; ma=2592000,h3-27=\":443\"; ma=2592000,h3-25=\":443\"; ma=2592000,h3-T050=\":443\"; ma=2592000,h3-Q050=\":443\"; ma=2592000,h3-Q046=\":443\"; ma=2592000,h3-Q043=\":443\"; ma=2592000,quic=\":443\"; ma=2592000; v=\"46,43\""}
[info] +  functions: functions folder uploaded successfully 
[info] i  functions: creating Node.js 8 function getTime(us-central1)... 
[debug] [2020-07-06T23:55:12.009Z] Trigger is:  {"httpsTrigger":{}}
[debug] [2020-07-06T23:55:12.014Z] >>> HTTP REQUEST GET https://serviceusage.googleapis.com/v1/projects/lab4grupo1/services/cloudscheduler.googleapis.com  
 
[debug] [2020-07-06T23:55:12.540Z] <<< HTTP RESPONSE 200 {"content-type":"application/json; charset=UTF-8","vary":"X-Origin, Referer, Origin,Accept-Encoding","date":"Mon, 06 Jul 2020 23:55:12 GMT","server":"ESF","cache-control":"private","x-xss-protection":"0","x-frame-options":"SAMEORIGIN","x-content-type-options":"nosniff","alt-svc":"h3-29=\":443\"; ma=2592000,h3-27=\":443\"; ma=2592000,h3-25=\":443\"; ma=2592000,h3-T050=\":443\"; ma=2592000,h3-Q050=\":443\"; ma=2592000,h3-Q046=\":443\"; ma=2592000,h3-Q043=\":443\"; ma=2592000,quic=\":443\"; ma=2592000; v=\"46,43\"","accept-ranges":"none","transfer-encoding":"chunked"}
[debug] [2020-07-06T23:55:12.545Z] >>> HTTP REQUEST POST https://cloudfunctions.googleapis.com/v1/projects/lab4grupo1/locations/us-central1/functions  
 {"sourceUploadUrl":"https://storage.googleapis.com/gcf-upload-us-central1-f58969b5-d37b-4831-bac4-ffead8ddca6a/0749a069-ebb5-4f37-bcc8-ef3a05da4e16.zip?GoogleAccessId=service-516594446027@gcf-admin-robot.iam.gserviceaccount.com&Expires=1594081510&Signature=uewg7Oz1dV%2BX16wQlKovY1SB%2BfjCB92Qhkoqn4IYzNHs%2BIzeKf1KynSN0LxAl%2BBDExPhZMhRoR1K%2BuLEsAiljcjZYbNS10aTw46qG5Dz1KEzix7n%2FOX1ZfvjfUeHTchMt0wB6VNUuN3zSlAawokrzpH49FvHj%2FjN9s7tmJ3TYGbBsHcD5kgeynoD2SJtx%2FkQP%2B1vbh7o9f9VkYQLy5JnVQrvFGCDjW6dYijWCpLNC0C%2Bqb4RzZDGUSYUPDW5t6NkTRnSyijPwC5ucyYj2Pzgdq6nwly0kHHDpwcaEUD%2FlJUdPoa%2BkLz2rahDy2trzE8JuQGn449QSh91WA3lUTJJQQ%3D%3D","name":"projects/lab4grupo1/locations/us-central1/functions/getTime","entryPoint":"getTime","labels":{"deployment-tool":"cli-firebase","deployment-callable":"true"},"runtime":"nodejs8","environmentVariables":{"FIREBASE_CONFIG":"{\"projectId\":\"lab4grupo1\",\"databaseURL\":\"https://lab4grupo1.firebaseio.com\",\"storageBucket\":\"lab4grupo1.appspot.com\",\"locationId\":\"us-central\"}"},"httpsTrigger":{}}
[debug] [2020-07-06T23:55:13.845Z] <<< HTTP RESPONSE 200 {"content-type":"application/json; charset=UTF-8","vary":"X-Origin, Referer, Origin,Accept-Encoding","date":"Mon, 06 Jul 2020 23:55:13 GMT","server":"ESF","cache-control":"private","x-xss-protection":"0","x-frame-options":"SAMEORIGIN","x-content-type-options":"nosniff","alt-svc":"h3-29=\":443\"; ma=2592000,h3-27=\":443\"; ma=2592000,h3-25=\":443\"; ma=2592000,h3-T050=\":443\"; ma=2592000,h3-Q050=\":443\"; ma=2592000,h3-Q046=\":443\"; ma=2592000,h3-Q043=\":443\"; ma=2592000,quic=\":443\"; ma=2592000; v=\"46,43\"","accept-ranges":"none","transfer-encoding":"chunked"}
[debug] [2020-07-06T23:55:13.847Z] Setting public policy for function getTime
[debug] [2020-07-06T23:55:13.849Z] >>> HTTP REQUEST POST https://cloudfunctions.googleapis.com/v1/projects/lab4grupo1/locations/us-central1/functions/getTime:setIamPolicy  
 {"policy":{"version":3,"bindings":[{"role":"roles/cloudfunctions.invoker","members":["allUsers"]}]},"updateMask":"version,bindings"}
[debug] [2020-07-06T23:55:14.533Z] <<< HTTP RESPONSE 200 {"content-type":"application/json; charset=UTF-8","vary":"X-Origin, Referer, Origin,Accept-Encoding","date":"Mon, 06 Jul 2020 23:55:13 GMT","server":"ESF","cache-control":"private","x-xss-protection":"0","x-frame-options":"SAMEORIGIN","x-content-type-options":"nosniff","alt-svc":"h3-29=\":443\"; ma=2592000,h3-27=\":443\"; ma=2592000,h3-25=\":443\"; ma=2592000,h3-T050=\":443\"; ma=2592000,h3-Q050=\":443\"; ma=2592000,h3-Q046=\":443\"; ma=2592000,h3-Q043=\":443\"; ma=2592000,quic=\":443\"; ma=2592000; v=\"46,43\"","accept-ranges":"none","transfer-encoding":"chunked"}
[debug] [2020-07-06T23:55:14.538Z] >>> HTTP REQUEST GET https://cloudfunctions.googleapis.com/v1/projects/lab4grupo1/locations/-/functions  
 
[debug] [2020-07-06T23:55:15.262Z] <<< HTTP RESPONSE 200 {"content-type":"application/json; charset=UTF-8","vary":"X-Origin, Referer, Origin,Accept-Encoding","date":"Mon, 06 Jul 2020 23:55:14 GMT","server":"ESF","cache-control":"private","x-xss-protection":"0","x-frame-options":"SAMEORIGIN","x-content-type-options":"nosniff","alt-svc":"h3-29=\":443\"; ma=2592000,h3-27=\":443\"; ma=2592000,h3-25=\":443\"; ma=2592000,h3-T050=\":443\"; ma=2592000,h3-Q050=\":443\"; ma=2592000,h3-Q046=\":443\"; ma=2592000,h3-Q043=\":443\"; ma=2592000,quic=\":443\"; ma=2592000; v=\"46,43\"","accept-ranges":"none","transfer-encoding":"chunked"}
[debug] [2020-07-06T23:55:15.268Z] >>> HTTP REQUEST GET https://cloudfunctions.googleapis.com/v1/operations/bGFiNGdydXBvMS91cy1jZW50cmFsMS9nZXRUaW1lL3Fzd2sxUm1QbWtB  
 
[debug] [2020-07-06T23:55:15.766Z] <<< HTTP RESPONSE 200 {"content-type":"application/json; charset=UTF-8","vary":"X-Origin, Referer, Origin,Accept-Encoding","date":"Mon, 06 Jul 2020 23:55:15 GMT","server":"ESF","cache-control":"private","x-xss-protection":"0","x-frame-options":"SAMEORIGIN","x-content-type-options":"nosniff","alt-svc":"h3-29=\":443\"; ma=2592000,h3-27=\":443\"; ma=2592000,h3-25=\":443\"; ma=2592000,h3-T050=\":443\"; ma=2592000,h3-Q050=\":443\"; ma=2592000,h3-Q046=\":443\"; ma=2592000,h3-Q043=\":443\"; ma=2592000,quic=\":443\"; ma=2592000; v=\"46,43\"","accept-ranges":"none","transfer-encoding":"chunked"}
[debug] [2020-07-06T23:55:17.771Z] >>> HTTP REQUEST GET https://cloudfunctions.googleapis.com/v1/operations/bGFiNGdydXBvMS91cy1jZW50cmFsMS9nZXRUaW1lL3Fzd2sxUm1QbWtB  
 
[debug] [2020-07-06T23:55:18.163Z] <<< HTTP RESPONSE 200 {"content-type":"application/json; charset=UTF-8","vary":"X-Origin, Referer, Origin,Accept-Encoding","date":"Mon, 06 Jul 2020 23:55:17 GMT","server":"ESF","cache-control":"private","x-xss-protection":"0","x-frame-options":"SAMEORIGIN","x-content-type-options":"nosniff","alt-svc":"h3-29=\":443\"; ma=2592000,h3-27=\":443\"; ma=2592000,h3-25=\":443\"; ma=2592000,h3-T050=\":443\"; ma=2592000,h3-Q050=\":443\"; ma=2592000,h3-Q046=\":443\"; ma=2592000,h3-Q043=\":443\"; ma=2592000,quic=\":443\"; ma=2592000; v=\"46,43\"","accept-ranges":"none","transfer-encoding":"chunked"}
[debug] [2020-07-06T23:55:20.166Z] >>> HTTP REQUEST GET https://cloudfunctions.googleapis.com/v1/operations/bGFiNGdydXBvMS91cy1jZW50cmFsMS9nZXRUaW1lL3Fzd2sxUm1QbWtB  
 
[debug] [2020-07-06T23:55:20.717Z] <<< HTTP RESPONSE 200 {"content-type":"application/json; charset=UTF-8","vary":"X-Origin, Referer, Origin,Accept-Encoding","date":"Mon, 06 Jul 2020 23:55:20 GMT","server":"ESF","cache-control":"private","x-xss-protection":"0","x-frame-options":"SAMEORIGIN","x-content-type-options":"nosniff","alt-svc":"h3-29=\":443\"; ma=2592000,h3-27=\":443\"; ma=2592000,h3-25=\":443\"; ma=2592000,h3-T050=\":443\"; ma=2592000,h3-Q050=\":443\"; ma=2592000,h3-Q046=\":443\"; ma=2592000,h3-Q043=\":443\"; ma=2592000,quic=\":443\"; ma=2592000; v=\"46,43\"","accept-ranges":"none","transfer-encoding":"chunked"}
[debug] [2020-07-06T23:55:22.720Z] >>> HTTP REQUEST GET https://cloudfunctions.googleapis.com/v1/operations/bGFiNGdydXBvMS91cy1jZW50cmFsMS9nZXRUaW1lL3Fzd2sxUm1QbWtB  
 
[debug] [2020-07-06T23:55:23.296Z] <<< HTTP RESPONSE 200 {"content-type":"application/json; charset=UTF-8","vary":"X-Origin, Referer, Origin,Accept-Encoding","date":"Mon, 06 Jul 2020 23:55:22 GMT","server":"ESF","cache-control":"private","x-xss-protection":"0","x-frame-options":"SAMEORIGIN","x-content-type-options":"nosniff","alt-svc":"h3-29=\":443\"; ma=2592000,h3-27=\":443\"; ma=2592000,h3-25=\":443\"; ma=2592000,h3-T050=\":443\"; ma=2592000,h3-Q050=\":443\"; ma=2592000,h3-Q046=\":443\"; ma=2592000,h3-Q043=\":443\"; ma=2592000,quic=\":443\"; ma=2592000; v=\"46,43\"","accept-ranges":"none","transfer-encoding":"chunked"}
[debug] [2020-07-06T23:55:25.300Z] >>> HTTP REQUEST GET https://cloudfunctions.googleapis.com/v1/operations/bGFiNGdydXBvMS91cy1jZW50cmFsMS9nZXRUaW1lL3Fzd2sxUm1QbWtB  
 
[debug] [2020-07-06T23:55:25.774Z] <<< HTTP RESPONSE 200 {"content-type":"application/json; charset=UTF-8","vary":"X-Origin, Referer, Origin,Accept-Encoding","date":"Mon, 06 Jul 2020 23:55:25 GMT","server":"ESF","cache-control":"private","x-xss-protection":"0","x-frame-options":"SAMEORIGIN","x-content-type-options":"nosniff","alt-svc":"h3-29=\":443\"; ma=2592000,h3-27=\":443\"; ma=2592000,h3-25=\":443\"; ma=2592000,h3-T050=\":443\"; ma=2592000,h3-Q050=\":443\"; ma=2592000,h3-Q046=\":443\"; ma=2592000,h3-Q043=\":443\"; ma=2592000,quic=\":443\"; ma=2592000; v=\"46,43\"","accept-ranges":"none","transfer-encoding":"chunked"}
[debug] [2020-07-06T23:55:27.777Z] >>> HTTP REQUEST GET https://cloudfunctions.googleapis.com/v1/operations/bGFiNGdydXBvMS91cy1jZW50cmFsMS9nZXRUaW1lL3Fzd2sxUm1QbWtB  
 
[debug] [2020-07-06T23:55:28.345Z] <<< HTTP RESPONSE 200 {"content-type":"application/json; charset=UTF-8","vary":"X-Origin, Referer, Origin,Accept-Encoding","date":"Mon, 06 Jul 2020 23:55:27 GMT","server":"ESF","cache-control":"private","x-xss-protection":"0","x-frame-options":"SAMEORIGIN","x-content-type-options":"nosniff","alt-svc":"h3-29=\":443\"; ma=2592000,h3-27=\":443\"; ma=2592000,h3-25=\":443\"; ma=2592000,h3-T050=\":443\"; ma=2592000,h3-Q050=\":443\"; ma=2592000,h3-Q046=\":443\"; ma=2592000,h3-Q043=\":443\"; ma=2592000,quic=\":443\"; ma=2592000; v=\"46,43\"","accept-ranges":"none","transfer-encoding":"chunked"}
[debug] [2020-07-06T23:55:30.359Z] >>> HTTP REQUEST GET https://cloudfunctions.googleapis.com/v1/operations/bGFiNGdydXBvMS91cy1jZW50cmFsMS9nZXRUaW1lL3Fzd2sxUm1QbWtB  
 
[debug] [2020-07-06T23:55:30.881Z] <<< HTTP RESPONSE 200 {"content-type":"application/json; charset=UTF-8","vary":"X-Origin, Referer, Origin,Accept-Encoding","date":"Mon, 06 Jul 2020 23:55:30 GMT","server":"ESF","cache-control":"private","x-xss-protection":"0","x-frame-options":"SAMEORIGIN","x-content-type-options":"nosniff","alt-svc":"h3-29=\":443\"; ma=2592000,h3-27=\":443\"; ma=2592000,h3-25=\":443\"; ma=2592000,h3-T050=\":443\"; ma=2592000,h3-Q050=\":443\"; ma=2592000,h3-Q046=\":443\"; ma=2592000,h3-Q043=\":443\"; ma=2592000,quic=\":443\"; ma=2592000; v=\"46,43\"","accept-ranges":"none","transfer-encoding":"chunked"}
[debug] [2020-07-06T23:55:32.886Z] >>> HTTP REQUEST GET https://cloudfunctions.googleapis.com/v1/operations/bGFiNGdydXBvMS91cy1jZW50cmFsMS9nZXRUaW1lL3Fzd2sxUm1QbWtB  
 
[debug] [2020-07-06T23:55:33.371Z] <<< HTTP RESPONSE 200 {"content-type":"application/json; charset=UTF-8","vary":"X-Origin, Referer, Origin,Accept-Encoding","date":"Mon, 06 Jul 2020 23:55:32 GMT","server":"ESF","cache-control":"private","x-xss-protection":"0","x-frame-options":"SAMEORIGIN","x-content-type-options":"nosniff","alt-svc":"h3-29=\":443\"; ma=2592000,h3-27=\":443\"; ma=2592000,h3-25=\":443\"; ma=2592000,h3-T050=\":443\"; ma=2592000,h3-Q050=\":443\"; ma=2592000,h3-Q046=\":443\"; ma=2592000,h3-Q043=\":443\"; ma=2592000,quic=\":443\"; ma=2592000; v=\"46,43\"","accept-ranges":"none","transfer-encoding":"chunked"}
[debug] [2020-07-06T23:55:35.375Z] >>> HTTP REQUEST GET https://cloudfunctions.googleapis.com/v1/operations/bGFiNGdydXBvMS91cy1jZW50cmFsMS9nZXRUaW1lL3Fzd2sxUm1QbWtB  
 
[debug] [2020-07-06T23:55:35.852Z] <<< HTTP RESPONSE 200 {"content-type":"application/json; charset=UTF-8","vary":"X-Origin, Referer, Origin,Accept-Encoding","date":"Mon, 06 Jul 2020 23:55:35 GMT","server":"ESF","cache-control":"private","x-xss-protection":"0","x-frame-options":"SAMEORIGIN","x-content-type-options":"nosniff","alt-svc":"h3-29=\":443\"; ma=2592000,h3-27=\":443\"; ma=2592000,h3-25=\":443\"; ma=2592000,h3-T050=\":443\"; ma=2592000,h3-Q050=\":443\"; ma=2592000,h3-Q046=\":443\"; ma=2592000,h3-Q043=\":443\"; ma=2592000,quic=\":443\"; ma=2592000; v=\"46,43\"","accept-ranges":"none","transfer-encoding":"chunked"}
[debug] [2020-07-06T23:55:37.854Z] >>> HTTP REQUEST GET https://cloudfunctions.googleapis.com/v1/operations/bGFiNGdydXBvMS91cy1jZW50cmFsMS9nZXRUaW1lL3Fzd2sxUm1QbWtB  
 
[debug] [2020-07-06T23:55:38.335Z] <<< HTTP RESPONSE 200 {"content-type":"application/json; charset=UTF-8","vary":"X-Origin, Referer, Origin,Accept-Encoding","date":"Mon, 06 Jul 2020 23:55:37 GMT","server":"ESF","cache-control":"private","x-xss-protection":"0","x-frame-options":"SAMEORIGIN","x-content-type-options":"nosniff","alt-svc":"h3-29=\":443\"; ma=2592000,h3-27=\":443\"; ma=2592000,h3-25=\":443\"; ma=2592000,h3-T050=\":443\"; ma=2592000,h3-Q050=\":443\"; ma=2592000,h3-Q046=\":443\"; ma=2592000,h3-Q043=\":443\"; ma=2592000,quic=\":443\"; ma=2592000; v=\"46,43\"","accept-ranges":"none","transfer-encoding":"chunked"}
[debug] [2020-07-06T23:55:40.339Z] >>> HTTP REQUEST GET https://cloudfunctions.googleapis.com/v1/operations/bGFiNGdydXBvMS91cy1jZW50cmFsMS9nZXRUaW1lL3Fzd2sxUm1QbWtB  
 
[debug] [2020-07-06T23:55:40.932Z] <<< HTTP RESPONSE 200 {"content-type":"application/json; charset=UTF-8","vary":"X-Origin, Referer, Origin,Accept-Encoding","date":"Mon, 06 Jul 2020 23:55:40 GMT","server":"ESF","cache-control":"private","x-xss-protection":"0","x-frame-options":"SAMEORIGIN","x-content-type-options":"nosniff","alt-svc":"h3-29=\":443\"; ma=2592000,h3-27=\":443\"; ma=2592000,h3-25=\":443\"; ma=2592000,h3-T050=\":443\"; ma=2592000,h3-Q050=\":443\"; ma=2592000,h3-Q046=\":443\"; ma=2592000,h3-Q043=\":443\"; ma=2592000,quic=\":443\"; ma=2592000; v=\"46,43\"","accept-ranges":"none","transfer-encoding":"chunked"}
[debug] [2020-07-06T23:55:42.936Z] >>> HTTP REQUEST GET https://cloudfunctions.googleapis.com/v1/operations/bGFiNGdydXBvMS91cy1jZW50cmFsMS9nZXRUaW1lL3Fzd2sxUm1QbWtB  
 
[debug] [2020-07-06T23:55:43.392Z] <<< HTTP RESPONSE 200 {"content-type":"application/json; charset=UTF-8","vary":"X-Origin, Referer, Origin,Accept-Encoding","date":"Mon, 06 Jul 2020 23:55:42 GMT","server":"ESF","cache-control":"private","x-xss-protection":"0","x-frame-options":"SAMEORIGIN","x-content-type-options":"nosniff","alt-svc":"h3-29=\":443\"; ma=2592000,h3-27=\":443\"; ma=2592000,h3-25=\":443\"; ma=2592000,h3-T050=\":443\"; ma=2592000,h3-Q050=\":443\"; ma=2592000,h3-Q046=\":443\"; ma=2592000,h3-Q043=\":443\"; ma=2592000,quic=\":443\"; ma=2592000; v=\"46,43\"","accept-ranges":"none","transfer-encoding":"chunked"}
[debug] [2020-07-06T23:55:45.407Z] >>> HTTP REQUEST GET https://cloudfunctions.googleapis.com/v1/operations/bGFiNGdydXBvMS91cy1jZW50cmFsMS9nZXRUaW1lL3Fzd2sxUm1QbWtB  
 
[debug] [2020-07-06T23:55:45.951Z] <<< HTTP RESPONSE 200 {"content-type":"application/json; charset=UTF-8","vary":"X-Origin, Referer, Origin,Accept-Encoding","date":"Mon, 06 Jul 2020 23:55:45 GMT","server":"ESF","cache-control":"private","x-xss-protection":"0","x-frame-options":"SAMEORIGIN","x-content-type-options":"nosniff","alt-svc":"h3-29=\":443\"; ma=2592000,h3-27=\":443\"; ma=2592000,h3-25=\":443\"; ma=2592000,h3-T050=\":443\"; ma=2592000,h3-Q050=\":443\"; ma=2592000,h3-Q046=\":443\"; ma=2592000,h3-Q043=\":443\"; ma=2592000,quic=\":443\"; ma=2592000; v=\"46,43\"","accept-ranges":"none","transfer-encoding":"chunked"}
[debug] [2020-07-06T23:55:47.954Z] >>> HTTP REQUEST GET https://cloudfunctions.googleapis.com/v1/operations/bGFiNGdydXBvMS91cy1jZW50cmFsMS9nZXRUaW1lL3Fzd2sxUm1QbWtB  
 
[debug] [2020-07-06T23:55:48.422Z] <<< HTTP RESPONSE 200 {"content-type":"application/json; charset=UTF-8","vary":"X-Origin, Referer, Origin,Accept-Encoding","date":"Mon, 06 Jul 2020 23:55:47 GMT","server":"ESF","cache-control":"private","x-xss-protection":"0","x-frame-options":"SAMEORIGIN","x-content-type-options":"nosniff","alt-svc":"h3-29=\":443\"; ma=2592000,h3-27=\":443\"; ma=2592000,h3-25=\":443\"; ma=2592000,h3-T050=\":443\"; ma=2592000,h3-Q050=\":443\"; ma=2592000,h3-Q046=\":443\"; ma=2592000,h3-Q043=\":443\"; ma=2592000,quic=\":443\"; ma=2592000; v=\"46,43\"","accept-ranges":"none","transfer-encoding":"chunked"}
[debug] [2020-07-06T23:55:50.426Z] >>> HTTP REQUEST GET https://cloudfunctions.googleapis.com/v1/operations/bGFiNGdydXBvMS91cy1jZW50cmFsMS9nZXRUaW1lL3Fzd2sxUm1QbWtB  
 
[debug] [2020-07-06T23:55:50.920Z] <<< HTTP RESPONSE 200 {"content-type":"application/json; charset=UTF-8","vary":"X-Origin, Referer, Origin,Accept-Encoding","date":"Mon, 06 Jul 2020 23:55:50 GMT","server":"ESF","cache-control":"private","x-xss-protection":"0","x-frame-options":"SAMEORIGIN","x-content-type-options":"nosniff","alt-svc":"h3-29=\":443\"; ma=2592000,h3-27=\":443\"; ma=2592000,h3-25=\":443\"; ma=2592000,h3-T050=\":443\"; ma=2592000,h3-Q050=\":443\"; ma=2592000,h3-Q046=\":443\"; ma=2592000,h3-Q043=\":443\"; ma=2592000,quic=\":443\"; ma=2592000; v=\"46,43\"","accept-ranges":"none","transfer-encoding":"chunked"}
[debug] [2020-07-06T23:55:52.922Z] >>> HTTP REQUEST GET https://cloudfunctions.googleapis.com/v1/operations/bGFiNGdydXBvMS91cy1jZW50cmFsMS9nZXRUaW1lL3Fzd2sxUm1QbWtB  
 
[debug] [2020-07-06T23:55:53.419Z] <<< HTTP RESPONSE 200 {"content-type":"application/json; charset=UTF-8","vary":"X-Origin, Referer, Origin,Accept-Encoding","date":"Mon, 06 Jul 2020 23:55:52 GMT","server":"ESF","cache-control":"private","x-xss-protection":"0","x-frame-options":"SAMEORIGIN","x-content-type-options":"nosniff","alt-svc":"h3-29=\":443\"; ma=2592000,h3-27=\":443\"; ma=2592000,h3-25=\":443\"; ma=2592000,h3-T050=\":443\"; ma=2592000,h3-Q050=\":443\"; ma=2592000,h3-Q046=\":443\"; ma=2592000,h3-Q043=\":443\"; ma=2592000,quic=\":443\"; ma=2592000; v=\"46,43\"","accept-ranges":"none","transfer-encoding":"chunked"}
[debug] [2020-07-06T23:55:55.422Z] >>> HTTP REQUEST GET https://cloudfunctions.googleapis.com/v1/operations/bGFiNGdydXBvMS91cy1jZW50cmFsMS9nZXRUaW1lL3Fzd2sxUm1QbWtB  
 
[debug] [2020-07-06T23:55:55.903Z] <<< HTTP RESPONSE 200 {"content-type":"application/json; charset=UTF-8","vary":"X-Origin, Referer, Origin,Accept-Encoding","date":"Mon, 06 Jul 2020 23:55:55 GMT","server":"ESF","cache-control":"private","x-xss-protection":"0","x-frame-options":"SAMEORIGIN","x-content-type-options":"nosniff","alt-svc":"h3-29=\":443\"; ma=2592000,h3-27=\":443\"; ma=2592000,h3-25=\":443\"; ma=2592000,h3-T050=\":443\"; ma=2592000,h3-Q050=\":443\"; ma=2592000,h3-Q046=\":443\"; ma=2592000,h3-Q043=\":443\"; ma=2592000,quic=\":443\"; ma=2592000; v=\"46,43\"","accept-ranges":"none","transfer-encoding":"chunked"}
[debug] [2020-07-06T23:55:57.906Z] >>> HTTP REQUEST GET https://cloudfunctions.googleapis.com/v1/operations/bGFiNGdydXBvMS91cy1jZW50cmFsMS9nZXRUaW1lL3Fzd2sxUm1QbWtB  
 
[debug] [2020-07-06T23:55:58.565Z] <<< HTTP RESPONSE 200 {"content-type":"application/json; charset=UTF-8","vary":"X-Origin, Referer, Origin,Accept-Encoding","date":"Mon, 06 Jul 2020 23:55:57 GMT","server":"ESF","cache-control":"private","x-xss-protection":"0","x-frame-options":"SAMEORIGIN","x-content-type-options":"nosniff","alt-svc":"h3-29=\":443\"; ma=2592000,h3-27=\":443\"; ma=2592000,h3-25=\":443\"; ma=2592000,h3-T050=\":443\"; ma=2592000,h3-Q050=\":443\"; ma=2592000,h3-Q046=\":443\"; ma=2592000,h3-Q043=\":443\"; ma=2592000,quic=\":443\"; ma=2592000; v=\"46,43\"","accept-ranges":"none","transfer-encoding":"chunked"}
[debug] [2020-07-06T23:56:00.568Z] >>> HTTP REQUEST GET https://cloudfunctions.googleapis.com/v1/operations/bGFiNGdydXBvMS91cy1jZW50cmFsMS9nZXRUaW1lL3Fzd2sxUm1QbWtB  
 
[debug] [2020-07-06T23:56:01.081Z] <<< HTTP RESPONSE 200 {"content-type":"application/json; charset=UTF-8","vary":"X-Origin, Referer, Origin,Accept-Encoding","date":"Mon, 06 Jul 2020 23:56:00 GMT","server":"ESF","cache-control":"private","x-xss-protection":"0","x-frame-options":"SAMEORIGIN","x-content-type-options":"nosniff","alt-svc":"h3-29=\":443\"; ma=2592000,h3-27=\":443\"; ma=2592000,h3-25=\":443\"; ma=2592000,h3-T050=\":443\"; ma=2592000,h3-Q050=\":443\"; ma=2592000,h3-Q046=\":443\"; ma=2592000,h3-Q043=\":443\"; ma=2592000,quic=\":443\"; ma=2592000; v=\"46,43\"","accept-ranges":"none","transfer-encoding":"chunked"}
[debug] [2020-07-06T23:56:03.095Z] >>> HTTP REQUEST GET https://cloudfunctions.googleapis.com/v1/operations/bGFiNGdydXBvMS91cy1jZW50cmFsMS9nZXRUaW1lL3Fzd2sxUm1QbWtB  
 
[debug] [2020-07-06T23:56:03.495Z] <<< HTTP RESPONSE 200 {"content-type":"application/json; charset=UTF-8","vary":"X-Origin, Referer, Origin,Accept-Encoding","date":"Mon, 06 Jul 2020 23:56:02 GMT","server":"ESF","cache-control":"private","x-xss-protection":"0","x-frame-options":"SAMEORIGIN","x-content-type-options":"nosniff","alt-svc":"h3-29=\":443\"; ma=2592000,h3-27=\":443\"; ma=2592000,h3-25=\":443\"; ma=2592000,h3-T050=\":443\"; ma=2592000,h3-Q050=\":443\"; ma=2592000,h3-Q046=\":443\"; ma=2592000,h3-Q043=\":443\"; ma=2592000,quic=\":443\"; ma=2592000; v=\"46,43\"","accept-ranges":"none","transfer-encoding":"chunked"}
